\BOOKMARK [0][-]{chapter.1}{Introduction}{}% 1
\BOOKMARK [1][-]{section.1.1}{Motivation}{chapter.1}% 2
\BOOKMARK [1][-]{section.1.2}{Technical Background}{chapter.1}% 3
\BOOKMARK [1][-]{section.1.3}{Related Work}{chapter.1}% 4
\BOOKMARK [0][-]{chapter.2}{Methods}{}% 5
\BOOKMARK [1][-]{section.2.1}{Study Participants}{chapter.2}% 6
\BOOKMARK [1][-]{section.2.2}{Probe Design}{chapter.2}% 7
\BOOKMARK [1][-]{section.2.3}{Acoustic Stimulation during fNIRS Experiment}{chapter.2}% 8
\BOOKMARK [1][-]{section.2.4}{fNIRS Setup}{chapter.2}% 9
\BOOKMARK [1][-]{section.2.5}{Data preprocesing}{chapter.2}% 10
\BOOKMARK [0][-]{chapter.3}{Results}{}% 11
\BOOKMARK [1][-]{section.3.1}{Participant 3}{chapter.3}% 12
\BOOKMARK [1][-]{section.3.2}{Participant 4}{chapter.3}% 13
\BOOKMARK [1][-]{section.3.3}{Participant 5}{chapter.3}% 14
\BOOKMARK [1][-]{section.3.4}{Participant 6}{chapter.3}% 15
\BOOKMARK [1][-]{section.3.5}{Participant 7}{chapter.3}% 16
\BOOKMARK [0][-]{chapter.4}{Discussion}{}% 17
\BOOKMARK [1][-]{section.4.1}{Waveform Morphology}{chapter.4}% 18
\BOOKMARK [1][-]{section.4.2}{Regional Analysis}{chapter.4}% 19
\BOOKMARK [1][-]{section.4.3}{Device Limitation and fNIRS Testing Conditions}{chapter.4}% 20
\BOOKMARK [1][-]{section.4.4}{Data Processing}{chapter.4}% 21
\BOOKMARK [1][-]{section.4.5}{Loudness Perception}{chapter.4}% 22
\BOOKMARK [1][-]{section.4.6}{Intelligibility of the Audio Stimuli}{chapter.4}% 23
\BOOKMARK [1][-]{section.4.7}{Language Processing in Human Brains}{chapter.4}% 24
\BOOKMARK [1][-]{section.4.8}{Laterality of Brain Activation}{chapter.4}% 25
\BOOKMARK [1][-]{section.4.9}{Depth and Location of Cortical Response}{chapter.4}% 26
\BOOKMARK [1][-]{section.4.10}{HbR and HbO Data}{chapter.4}% 27
\BOOKMARK [0][-]{chapter.5}{Conclusion and Future Prospectives}{}% 28
\BOOKMARK [0][-]{appendix.A}{Acronym}{}% 29
\BOOKMARK [0][-]{appendix.B}{List of Figures}{}% 30
\BOOKMARK [0][-]{appendix.C}{List of Tables}{}% 31
\BOOKMARK [0][-]{appendix.D}{Other Measurement Data}{}% 32
\BOOKMARK [1][-]{section.D.1}{Participant 1}{appendix.D}% 33
\BOOKMARK [1][-]{section.D.2}{Participant 2}{appendix.D}% 34
\BOOKMARK [1][-]{section.D.3}{Participant 8}{appendix.D}% 35
\BOOKMARK [0][-]{appendix*.44}{References}{}% 36
